# JRE version: Java(TM) SE Runtime Environment (8.0_60-b27) (build 1.8.0_60-b27)
# Java VM: Java HotSpot(TM) 64-Bit Server VM (25.60-b23 mixed mode windows-amd64 compressed oops)
Heap:
 PSYoungGen      total 284160K, used 143221K [0x00000000eab00000, 0x0000000100000000, 0x0000000100000000)
  eden space 224768K, 58% used [0x00000000eab00000,0x00000000f2bdcf88,0x00000000f8680000)
  from space 59392K, 18% used [0x00000000fbf80000,0x00000000fca807f8,0x00000000ff980000)
  to   space 58368K, 0% used [0x00000000f8680000,0x00000000f8680000,0x00000000fbf80000)
 ParOldGen       total 182272K, used 161346K [0x00000000c0000000, 0x00000000cb200000, 0x00000000eab00000)
  object space 182272K, 88% used [0x00000000c0000000,0x00000000c9d90b28,0x00000000cb200000)
 Metaspace       used 85340K, capacity 93673K, committed 94040K, reserved 1130496K
  class space    used 9877K, capacity 12325K, committed 12416K, reserved 1048576K
GC Heap History (10 events):
Event: 351.732 GC heap before
{Heap before GC invocations=45 (full 5):
 PSYoungGen      total 280576K, used 222387K [0x00000000eab00000, 0x0000000100000000, 0x0000000100000000)
  eden space 216064K, 100% used [0x00000000eab00000,0x00000000f7e00000,0x00000000f7e00000)
  from space 64512K, 9% used [0x00000000f7e00000,0x00000000f842cd28,0x00000000fbd00000)
  to   space 66048K, 0% used [0x00000000fbf80000,0x00000000fbf80000,0x0000000100000000)
 ParOldGen       total 182272K, used 158734K [0x00000000c0000000, 0x00000000cb200000, 0x00000000eab00000)
  object space 182272K, 87% used [0x00000000c0000000,0x00000000c9b03988,0x00000000cb200000)
 Metaspace       used 84088K, capacity 91985K, committed 92120K, reserved 1128448K
  class space    used 9808K, capacity 12245K, committed 12288K, reserved 1048576K
Event: 351.757 GC heap after
Heap after GC invocations=45 (full 5):
 PSYoungGen      total 281088K, used 23187K [0x00000000eab00000, 0x00000000ffc80000, 0x0000000100000000)
  eden space 218624K, 0% used [0x00000000eab00000,0x00000000eab00000,0x00000000f8080000)
  from space 62464K, 37% used [0x00000000fbf80000,0x00000000fd624d28,0x00000000ffc80000)
  to   space 63488K, 0% used [0x00000000f8080000,0x00000000f8080000,0x00000000fbe80000)
 ParOldGen       total 182272K, used 159503K [0x00000000c0000000, 0x00000000cb200000, 0x00000000eab00000)
  object space 182272K, 87% used [0x00000000c0000000,0x00000000c9bc3e28,0x00000000cb200000)
 Metaspace       used 84088K, capacity 91985K, committed 92120K, reserved 1128448K
  class space    used 9808K, capacity 12245K, committed 12288K, reserved 1048576K
}
Event: 376.192 GC heap before
{Heap before GC invocations=46 (full 5):
 PSYoungGen      total 281088K, used 241811K [0x00000000eab00000, 0x00000000ffc80000, 0x0000000100000000)
  eden space 218624K, 100% used [0x00000000eab00000,0x00000000f8080000,0x00000000f8080000)
  from space 62464K, 37% used [0x00000000fbf80000,0x00000000fd624d28,0x00000000ffc80000)
  to   space 63488K, 0% used [0x00000000f8080000,0x00000000f8080000,0x00000000fbe80000)
 ParOldGen       total 182272K, used 159503K [0x00000000c0000000, 0x00000000cb200000, 0x00000000eab00000)
  object space 182272K, 87% used [0x00000000c0000000,0x00000000c9bc3e28,0x00000000cb200000)
 Metaspace       used 84204K, capacity 92055K, committed 92376K, reserved 1130496K
  class space    used 9809K, capacity 12246K, committed 12288K, reserved 1048576K
Event: 376.204 GC heap after
Heap after GC invocations=46 (full 5):
 PSYoungGen      total 282112K, used 7365K [0x00000000eab00000, 0x0000000100000000, 0x0000000100000000)
  eden space 218624K, 0% used [0x00000000eab00000,0x00000000eab00000,0x00000000f8080000)
  from space 63488K, 11% used [0x00000000f8080000,0x00000000f87b15e8,0x00000000fbe80000)
  to   space 63488K, 0% used [0x00000000fc200000,0x00000000fc200000,0x0000000100000000)
 ParOldGen       total 182272K, used 160566K [0x00000000c0000000, 0x00000000cb200000, 0x00000000eab00000)
  object space 182272K, 88% used [0x00000000c0000000,0x00000000c9ccda58,0x00000000cb200000)
 Metaspace       used 84204K, capacity 92055K, committed 92376K, reserved 1130496K
  class space    used 9809K, capacity 12246K, committed 12288K, reserved 1048576K
}
Event: 463.322 GC heap before
{Heap before GC invocations=47 (full 5):
 PSYoungGen      total 282112K, used 225989K [0x00000000eab00000, 0x0000000100000000, 0x0000000100000000)
  eden space 218624K, 100% used [0x00000000eab00000,0x00000000f8080000,0x00000000f8080000)
  from space 63488K, 11% used [0x00000000f8080000,0x00000000f87b15e8,0x00000000fbe80000)
  to   space 63488K, 0% used [0x00000000fc200000,0x00000000fc200000,0x0000000100000000)
 ParOldGen       total 182272K, used 160566K [0x00000000c0000000, 0x00000000cb200000, 0x00000000eab00000)
  object space 182272K, 88% used [0x00000000c0000000,0x00000000c9ccda58,0x00000000cb200000)
 Metaspace       used 84396K, capacity 92287K, committed 92632K, reserved 1130496K
  class space    used 9820K, capacity 12254K, committed 12288K, reserved 1048576K
Event: 463.336 GC heap after
Heap after GC invocations=47 (full 5):
 PSYoungGen      total 284672K, used 9349K [0x00000000eab00000, 0x00000000fff00000, 0x0000000100000000)
  eden space 222208K, 0% used [0x00000000eab00000,0x00000000eab00000,0x00000000f8400000)
  from space 62464K, 14% used [0x00000000fc200000,0x00000000fcb215f8,0x00000000fff00000)
  to   space 62976K, 0% used [0x00000000f8400000,0x00000000f8400000,0x00000000fc180000)
 ParOldGen       total 182272K, used 160730K [0x00000000c0000000, 0x00000000cb200000, 0x00000000eab00000)
  object space 182272K, 88% used [0x00000000c0000000,0x00000000c9cf6a68,0x00000000cb200000)
 Metaspace       used 84396K, capacity 92287K, committed 92632K, reserved 1130496K
  class space    used 9820K, capacity 12254K, committed 12288K, reserved 1048576K
}
Event: 492.717 GC heap before
{Heap before GC invocations=48 (full 5):
 PSYoungGen      total 284672K, used 231557K [0x00000000eab00000, 0x00000000fff00000, 0x0000000100000000)
  eden space 222208K, 100% used [0x00000000eab00000,0x00000000f8400000,0x00000000f8400000)
  from space 62464K, 14% used [0x00000000fc200000,0x00000000fcb215f8,0x00000000fff00000)
  to   space 62976K, 0% used [0x00000000f8400000,0x00000000f8400000,0x00000000fc180000)
 ParOldGen       total 182272K, used 160730K [0x00000000c0000000, 0x00000000cb200000, 0x00000000eab00000)
  object space 182272K, 88% used [0x00000000c0000000,0x00000000c9cf6a68,0x00000000cb200000)
 Metaspace       used 84556K, capacity 92613K, committed 92888K, reserved 1130496K
  class space    used 9823K, capacity 12255K, committed 12288K, reserved 1048576K
Event: 492.742 GC heap after
Heap after GC invocations=48 (full 5):
 PSYoungGen      total 245760K, used 23193K [0x00000000eab00000, 0x00000000ff980000, 0x0000000100000000)
  eden space 222208K, 0% used [0x00000000eab00000,0x00000000eab00000,0x00000000f8400000)
  from space 23552K, 98% used [0x00000000f8400000,0x00000000f9aa6620,0x00000000f9b00000)
  to   space 59392K, 0% used [0x00000000fbf80000,0x00000000fbf80000,0x00000000ff980000)
 ParOldGen       total 182272K, used 161346K [0x00000000c0000000, 0x00000000cb200000, 0x00000000eab00000)
  object space 182272K, 88% used [0x00000000c0000000,0x00000000c9d90b28,0x00000000cb200000)
 Metaspace       used 84556K, capacity 92613K, committed 92888K, reserved 1130496K
  class space    used 9823K, capacity 12255K, committed 12288K, reserved 1048576K
}
Event: 534.029 GC heap before
{Heap before GC invocations=49 (full 5):
 PSYoungGen      total 245760K, used 245401K [0x00000000eab00000, 0x00000000ff980000, 0x0000000100000000)
  eden space 222208K, 100% used [0x00000000eab00000,0x00000000f8400000,0x00000000f8400000)
  from space 23552K, 98% used [0x00000000f8400000,0x00000000f9aa6620,0x00000000f9b00000)
  to   space 59392K, 0% used [0x00000000fbf80000,0x00000000fbf80000,0x00000000ff980000)
 ParOldGen       total 182272K, used 161346K [0x00000000c0000000, 0x00000000cb200000, 0x00000000eab00000)
  object space 182272K, 88% used [0x00000000c0000000,0x00000000c9d90b28,0x00000000cb200000)
 Metaspace       used 84993K, capacity 93245K, committed 93528K, reserved 1130496K
  class space    used 9841K, capacity 12291K, committed 12416K, reserved 1048576K
Event: 534.061 GC heap after
Heap after GC invocations=49 (full 5):
 PSYoungGen      total 284160K, used 11265K [0x00000000eab00000, 0x0000000100000000, 0x0000000100000000)
  eden space 224768K, 0% used [0x00000000eab00000,0x00000000eab00000,0x00000000f8680000)
  from space 59392K, 18% used [0x00000000fbf80000,0x00000000fca807f8,0x00000000ff980000)
  to   space 58368K, 0% used [0x00000000f8680000,0x00000000f8680000,0x00000000fbf80000)
 ParOldGen       total 182272K, used 161346K [0x00000000c0000000, 0x00000000cb200000, 0x00000000eab00000)
  object space 182272K, 88% used [0x00000000c0000000,0x00000000c9d90b28,0x00000000cb200000)
 Metaspace       used 84993K, capacity 93245K, committed 93528K, reserved 1130496K
  class space    used 9841K, capacity 12291K, committed 12416K, reserved 1048576K
}

